<?xml version='1.0' encoding='UTF-8'?>
<testsuite hostname="shashikant-Latitude-3520" name="com.knoldus.services.usermanagemant.UserManagementServiceSpec" tests="36" errors="0" failures="0" skipped="0" time="0.712" timestamp="2022-08-05T11:34:42">
          <properties>
[...]
</properties>
          <testcase classname="com.knoldus.services.usermanagemant.UserManagementServiceSpec" name="UserManagementService#delete user should return error" time="0.03">
                      
                    </testcase><testcase classname="com.knoldus.services.usermanagemant.UserManagementServiceSpec" name="UserManagementService#delete user should delete user" time="0.012">
                      
                    </testcase><testcase classname="com.knoldus.services.usermanagemant.UserManagementServiceSpec" name="UserManagementService#delete user should not delete if user is not admin or superadmin" time="0.027">
                      
                    </testcase><testcase classname="com.knoldus.services.usermanagemant.UserManagementServiceSpec" name="UserManagementService#update user should return error" time="0.019">
                      
                    </testcase><testcase classname="com.knoldus.services.usermanagemant.UserManagementServiceSpec" name="UserManagementService#update user should return error in updating user status" time="0.007">
                      
                    </testcase><testcase classname="com.knoldus.services.usermanagemant.UserManagementServiceSpec" name="UserManagementService#update user should update user when password not given and user not banned" time="0.078">
                      
                    </testcase><testcase classname="com.knoldus.services.usermanagemant.UserManagementServiceSpec" name="UserManagementService#update user should update user when password not given and user are banned" time="0.014">
                      
                    </testcase><testcase classname="com.knoldus.services.usermanagemant.UserManagementServiceSpec" name="UserManagementService#update user should update user when password is given and user is banned" time="0.011">
                      
                    </testcase><testcase classname="com.knoldus.services.usermanagemant.UserManagementServiceSpec" name="UserManagementService#update user should update user when password is given and not banned" time="0.017">
                      
                    </testcase><testcase classname="com.knoldus.services.usermanagemant.UserManagementServiceSpec" name="UserManagementService#update user department should return error" time="0.016">
                      
                    </testcase><testcase classname="com.knoldus.services.usermanagemant.UserManagementServiceSpec" name="UserManagementService#update user department should update user when password not given and user not banned" time="0.012">
                      
                    </testcase><testcase classname="com.knoldus.services.usermanagemant.UserManagementServiceSpec" name="UserManagementService#search users should search user for all when email provided" time="0.016">
                      
                    </testcase><testcase classname="com.knoldus.services.usermanagemant.UserManagementServiceSpec" name="UserManagementService#search users should search user for banned when email provided" time="0.034">
                      
                    </testcase><testcase classname="com.knoldus.services.usermanagemant.UserManagementServiceSpec" name="UserManagementService#search users should search user for allowed when email provided" time="0.022">
                      
                    </testcase><testcase classname="com.knoldus.services.usermanagemant.UserManagementServiceSpec" name="UserManagementService#search users should search user for active when email provided" time="0.023">
                      
                    </testcase><testcase classname="com.knoldus.services.usermanagemant.UserManagementServiceSpec" name="UserManagementService#search users should search user for suspended when email provided" time="0.013">
                      
                    </testcase><testcase classname="com.knoldus.services.usermanagemant.UserManagementServiceSpec" name="UserManagementService#search users should search all users when email not provided" time="0.017">
                      
                    </testcase><testcase classname="com.knoldus.services.usermanagemant.UserManagementServiceSpec" name="UserManagementService#search users should search banned users when email not provided" time="0.029">
                      
                    </testcase><testcase classname="com.knoldus.services.usermanagemant.UserManagementServiceSpec" name="UserManagementService#search users should search allowed users when email not provided" time="0.056">
                      
                    </testcase><testcase classname="com.knoldus.services.usermanagemant.UserManagementServiceSpec" name="UserManagementService#search users should search active users when email not provided" time="0.016">
                      
                    </testcase><testcase classname="com.knoldus.services.usermanagemant.UserManagementServiceSpec" name="UserManagementService#search users should search suspended users when email not provided" time="0.011">
                      
                    </testcase><testcase classname="com.knoldus.services.usermanagemant.UserManagementServiceSpec" name="UserManagementService#search users should return error" time="0.008">
                      
                    </testcase><testcase classname="com.knoldus.services.usermanagemant.UserManagementServiceSpec" name="UserManagementService#get user status should return error" time="0.01">
                      
                    </testcase><testcase classname="com.knoldus.services.usermanagemant.UserManagementServiceSpec" name="UserManagementService#get user status should get user's status" time="0.02">
                      
                    </testcase><testcase classname="com.knoldus.services.usermanagemant.UserManagementServiceSpec" name="UserManagementService#get user status should not get user's status if user is not admin or superuser" time="0.01">
                      
                    </testcase><testcase classname="com.knoldus.services.usermanagemant.UserManagementServiceSpec" name="UserManagementService#get user list should get user's list when email not provided" time="0.045">
                      
                    </testcase><testcase classname="com.knoldus.services.usermanagemant.UserManagementServiceSpec" name="UserManagementService#get user list should get user's list when email provided" time="0.024">
                      
                    </testcase><testcase classname="com.knoldus.services.usermanagemant.UserManagementServiceSpec" name="UserManagementService#getActiveAndUnBannedEmails users should return get Active And UnBanned Emails" time="0.012">
                      
                    </testcase><testcase classname="com.knoldus.services.usermanagemant.UserManagementServiceSpec" name="UserManagementService#getActiveAndUnBannedEmails users should return error in get Active And UnBanned Emails" time="0.026">
                      
                    </testcase><testcase classname="com.knoldus.services.usermanagemant.UserManagementServiceSpec" name="UserManagementService#getUserInformationByEmail users should return user Information by mail" time="0.008">
                      
                    </testcase><testcase classname="com.knoldus.services.usermanagemant.UserManagementServiceSpec" name="UserManagementService#getUserInformationByEmail users should return error in user Information by mail" time="0.009">
                      
                    </testcase><testcase classname="com.knoldus.services.usermanagemant.UserManagementServiceSpec" name="UserManagementService change participant status should return update user status" time="0.015">
                      
                    </testcase><testcase classname="com.knoldus.services.usermanagemant.UserManagementServiceSpec" name="UserManagementService change participant status should return error update user status" time="0.008">
                      
                    </testcase><testcase classname="com.knoldus.services.usermanagemant.UserManagementServiceSpec" name="UserManagementService change participant status should return error for unauthorised User" time="0.014">
                      
                    </testcase><testcase classname="com.knoldus.services.usermanagemant.UserManagementServiceSpec" name="UserManagementService#banUser users should return error update ban user" time="0.012">
                      
                    </testcase><testcase classname="com.knoldus.services.usermanagemant.UserManagementServiceSpec" name="UserManagementService#banUser users should return update ban user" time="0.011">
                      
                    </testcase>
          <system-out><![CDATA[]]></system-out>
          <system-err><![CDATA[]]></system-err>
        </testsuite>