<?xml version='1.0' encoding='UTF-8'?>
<testsuite hostname="shashikant-Latitude-3520" name="com.knoldus.services.recommendation.RecommendationServiceSpec" tests="29" errors="0" failures="0" skipped="0" time="0.598" timestamp="2022-08-05T11:34:43">
          <properties>
[...]
</properties>
          <testcase classname="com.knoldus.services.recommendation.RecommendationServiceSpec" name="RecommendationService#addRecommendation  should Suggest Recommendation used post directive" time="0.159">
                      
                    </testcase><testcase classname="com.knoldus.services.recommendation.RecommendationServiceSpec" name="RecommendationService#getRecommendationById  should return recommendation of given id" time="0.018">
                      
                    </testcase><testcase classname="com.knoldus.services.recommendation.RecommendationServiceSpec" name="RecommendationService#getRecommendationById  should return error in getting a recommendation of given id" time="0.009">
                      
                    </testcase><testcase classname="com.knoldus.services.recommendation.RecommendationServiceSpec" name="RecommendationService#approveRecommendation should approve recommendation of given id" time="0.043">
                      
                    </testcase><testcase classname="com.knoldus.services.recommendation.RecommendationServiceSpec" name="RecommendationService#declineRecommendation should decline recommendation of given id" time="0.028">
                      
                    </testcase><testcase classname="com.knoldus.services.recommendation.RecommendationServiceSpec" name="RecommendationService#pendingRecommendation should pending recommendation of given id" time="0.035">
                      
                    </testcase><testcase classname="com.knoldus.services.recommendation.RecommendationServiceSpec" name="RecommendationService#doneRecommendation should done recommendation of given id" time="0.012">
                      
                    </testcase><testcase classname="com.knoldus.services.recommendation.RecommendationServiceSpec" name="RecommendationService#allPendingRecommendation should get all pending recommendation count by filter" time="0.012">
                      
                    </testcase><testcase classname="com.knoldus.services.recommendation.RecommendationServiceSpec" name="RecommendationService#bookRecommendation should book recommendation of given id" time="0.016">
                      
                    </testcase><testcase classname="com.knoldus.services.recommendation.RecommendationServiceSpec" name="RecommendationService#cancelBookedRecommendation should book recommendation of given id" time="0.021">
                      
                    </testcase><testcase classname="com.knoldus.services.recommendation.RecommendationServiceSpec" name="RecommendationService#getAllRecommendation  should get list of all recommendation" time="0.017">
                      
                    </testcase><testcase classname="com.knoldus.services.recommendation.RecommendationServiceSpec" name="RecommendationService#getPendingRecommendation should get all pending recommendation" time="0.034">
                      
                    </testcase><testcase classname="com.knoldus.services.recommendation.RecommendationServiceSpec" name="RecommendationService#getApproveRecommendation should get all approve recommendation" time="0.013">
                      
                    </testcase><testcase classname="com.knoldus.services.recommendation.RecommendationServiceSpec" name="RecommendationService#getDeclinedRecommendation should get all declined recommendation" time="0.015">
                      
                    </testcase><testcase classname="com.knoldus.services.recommendation.RecommendationServiceSpec" name="RecommendationService#getBookdRecommendation should get all booked recommendation" time="0.012">
                      
                    </testcase><testcase classname="com.knoldus.services.recommendation.RecommendationServiceSpec" name="RecommendationService#getDoneRecommendation should get all done recommendation" time="0.011">
                      
                    </testcase><testcase classname="com.knoldus.services.recommendation.RecommendationServiceSpec" name="RecommendationService#listRecommendation with filter all should return all recommendation" time="0.006">
                      
                    </testcase><testcase classname="com.knoldus.services.recommendation.RecommendationServiceSpec" name="RecommendationService#listRecommendation with filter pending should return pending recommendation" time="0.01">
                      
                    </testcase><testcase classname="com.knoldus.services.recommendation.RecommendationServiceSpec" name="RecommendationService#listRecommendation with filter approved should return approved recommendation" time="0.009">
                      
                    </testcase><testcase classname="com.knoldus.services.recommendation.RecommendationServiceSpec" name="RecommendationService#listRecommendation with filter declined should return declined recommendation" time="0.006">
                      
                    </testcase><testcase classname="com.knoldus.services.recommendation.RecommendationServiceSpec" name="RecommendationService#listRecommendation with filter book should return booked recommendation" time="0.008">
                      
                    </testcase><testcase classname="com.knoldus.services.recommendation.RecommendationServiceSpec" name="RecommendationService#listRecommendation with filter done should return done recommendation" time="0.007">
                      
                    </testcase><testcase classname="com.knoldus.services.recommendation.RecommendationServiceSpec" name="RecommendationService#getVote for recommendation should return vote of recommendation" time="0.011">
                      
                    </testcase><testcase classname="com.knoldus.services.recommendation.RecommendationServiceSpec" name="RecommendationService#upVote with filter alreadyVoted=true should return vote of recommendation" time="0.01">
                      
                    </testcase><testcase classname="com.knoldus.services.recommendation.RecommendationServiceSpec" name="RecommendationService#upVote with filter alreadyVoted=false should return vote of recommendation" time="0.017">
                      
                    </testcase><testcase classname="com.knoldus.services.recommendation.RecommendationServiceSpec" name="RecommendationService#downVote with filter alreadyVoted=true should return vote of recommendation" time="0.017">
                      
                    </testcase><testcase classname="com.knoldus.services.recommendation.RecommendationServiceSpec" name="RecommendationService#downVote with filter alreadyVoted=false should return vote of recommendation" time="0.017">
                      
                    </testcase><testcase classname="com.knoldus.services.recommendation.RecommendationServiceSpec" name="RecommendationService#inserting the response should return insert Response" time="0.015">
                      
                    </testcase><testcase classname="com.knoldus.services.recommendation.RecommendationServiceSpec" name="RecommendationService#inserting the response should return insert Response for none" time="0.01">
                      
                    </testcase>
          <system-out><![CDATA[]]></system-out>
          <system-err><![CDATA[]]></system-err>
        </testsuite>