<?xml version='1.0' encoding='UTF-8'?>
<testsuite hostname="shashikant-Latitude-3520" name="com.knoldus.routes.usermanagement.UserManagementRoutesSpec" tests="31" errors="0" failures="0" skipped="0" time="0.442" timestamp="2022-08-05T11:34:43">
          <properties>
[...]
</properties>
          <testcase classname="com.knoldus.routes.usermanagement.UserManagementRoutesSpec" name="GET/ get user status endpoint should return user's status" time="0.04">
                      
                    </testcase><testcase classname="com.knoldus.routes.usermanagement.UserManagementRoutesSpec" name="GET/ get user status endpoint should return error" time="0.024">
                      
                    </testcase><testcase classname="com.knoldus.routes.usermanagement.UserManagementRoutesSpec" name="GET/ delete user endpoint should return user's status" time="0.018">
                      
                    </testcase><testcase classname="com.knoldus.routes.usermanagement.UserManagementRoutesSpec" name="GET/ delete user endpoint should return error" time="0.016">
                      
                    </testcase><testcase classname="com.knoldus.routes.usermanagement.UserManagementRoutesSpec" name="POST/ update user status endpoint should update user's status" time="0.021">
                      
                    </testcase><testcase classname="com.knoldus.routes.usermanagement.UserManagementRoutesSpec" name="POST/ update user status endpoint should return error" time="0.025">
                      
                    </testcase><testcase classname="com.knoldus.routes.usermanagement.UserManagementRoutesSpec" name="POST/ update user department endpoint should update user's department" time="0.018">
                      
                    </testcase><testcase classname="com.knoldus.routes.usermanagement.UserManagementRoutesSpec" name="POST/ update user department endpoint should return error in updating user's department" time="0.014">
                      
                    </testcase><testcase classname="com.knoldus.routes.usermanagement.UserManagementRoutesSpec" name="GET/ get users list should return users when email id not provided" time="0.018">
                      
                    </testcase><testcase classname="com.knoldus.routes.usermanagement.UserManagementRoutesSpec" name="GET/ get users list should return error" time="0.013">
                      
                    </testcase><testcase classname="com.knoldus.routes.usermanagement.UserManagementRoutesSpec" name="GET/ get users list should POST/ update participant status endpoint should change participant status" time="0.022">
                      
                    </testcase><testcase classname="com.knoldus.routes.usermanagement.UserManagementRoutesSpec" name="GET/ get users list should POST/ update participant status endpoint should return error" time="0.021">
                      
                    </testcase><testcase classname="com.knoldus.routes.usermanagement.UserManagementRoutesSpec" name="GET/ get users list should return users when email id is provided" time="0.022">
                      
                    </testcase><testcase classname="com.knoldus.routes.usermanagement.UserManagementRoutesSpec" name="GET/ get users list should return users information by email" time="0.017">
                      
                    </testcase><testcase classname="com.knoldus.routes.usermanagement.UserManagementRoutesSpec" name="GET/ get users list should return error when email not found" time="0.012">
                      
                    </testcase><testcase classname="com.knoldus.routes.usermanagement.UserManagementRoutesSpec" name="GET/ get users list should return get Active And UnBanned Emails" time="0.011">
                      
                    </testcase><testcase classname="com.knoldus.routes.usermanagement.UserManagementRoutesSpec" name="GET/ get users list should return error when get Active And UnBanned Emails not found" time="0.012">
                      
                    </testcase><testcase classname="com.knoldus.routes.usermanagement.UserManagementRoutesSpec" name="GET/ get users list should return ban users by email" time="0.013">
                      
                    </testcase><testcase classname="com.knoldus.routes.usermanagement.UserManagementRoutesSpec" name="GET/ get users  should return users when email id not provided" time="0.018">
                      
                    </testcase><testcase classname="com.knoldus.routes.usermanagement.UserManagementRoutesSpec" name="GET/ get users  should return error email id not provided" time="0.015">
                      
                    </testcase><testcase classname="com.knoldus.routes.usermanagement.UserManagementRoutesSpec" name="GET/ get users  should return users when email id is provided" time="0.013">
                      
                    </testcase><testcase classname="com.knoldus.routes.usermanagement.UserManagementRoutesSpec" name="GET/ get users  should return error email id is provided" time="0.016">
                      
                    </testcase><testcase classname="com.knoldus.routes.usermanagement.UserManagementRoutesSpec" name="Check Translate error for User Not Found Error  should return translate error" time="0.006">
                      
                    </testcase><testcase classname="com.knoldus.routes.usermanagement.UserManagementRoutesSpec" name="Check Translate error for Email Already Exists  should return translate error" time="0.006">
                      
                    </testcase><testcase classname="com.knoldus.routes.usermanagement.UserManagementRoutesSpec" name="Check Translate error for Invalid Credential should return translate error" time="0.007">
                      
                    </testcase><testcase classname="com.knoldus.routes.usermanagement.UserManagementRoutesSpec" name="Check Translate error for Token Expired should return translate error" time="0.003">
                      
                    </testcase><testcase classname="com.knoldus.routes.usermanagement.UserManagementRoutesSpec" name="Check Translate error for No Forgot Password Request Found should return translate error" time="0.005">
                      
                    </testcase><testcase classname="com.knoldus.routes.usermanagement.UserManagementRoutesSpec" name="Check Translate error for Access Denied should return translate error" time="0.006">
                      
                    </testcase><testcase classname="com.knoldus.routes.usermanagement.UserManagementRoutesSpec" name="Check Translate error for Account deactivated should return translate error" time="0.004">
                      
                    </testcase><testcase classname="com.knoldus.routes.usermanagement.UserManagementRoutesSpec" name="Check Translate error for account not activated should return translate error" time="0.003">
                      
                    </testcase><testcase classname="com.knoldus.routes.usermanagement.UserManagementRoutesSpec" name="Check Translate error for Unauthorize Credential should return translate error" time="0.003">
                      
                    </testcase>
          <system-out><![CDATA[]]></system-out>
          <system-err><![CDATA[]]></system-err>
        </testsuite>