<?xml version='1.0' encoding='UTF-8'?>
<testsuite hostname="shashikant-Latitude-3520" name="com.knoldus.routes.feedbackform.FeedbackFormRoutesSpec" tests="15" errors="0" failures="0" skipped="0" time="0.539" timestamp="2022-08-05T11:34:42">
          <properties>
[...]
</properties>
          <testcase classname="com.knoldus.routes.feedbackform.FeedbackFormRoutesSpec" name="POST /Create Feedbackform should create Feedbackform by post directive" time="0.064">
                      
                    </testcase><testcase classname="com.knoldus.routes.feedbackform.FeedbackFormRoutesSpec" name="POST /Create Feedbackform for error should create Feedbackform by post directive check error" time="0.037">
                      
                    </testcase><testcase classname="com.knoldus.routes.feedbackform.FeedbackFormRoutesSpec" name="DELETE /check error should return error" time="0.043">
                      
                    </testcase><testcase classname="com.knoldus.routes.feedbackform.FeedbackFormRoutesSpec" name="DELETE /status endpoint  should return current status" time="0.015">
                      
                    </testcase><testcase classname="com.knoldus.routes.feedbackform.FeedbackFormRoutesSpec" name="Put/Update Feedback endpoint should update data from feedbackform" time="0.056">
                      
                    </testcase><testcase classname="com.knoldus.routes.feedbackform.FeedbackFormRoutesSpec" name="Put/Update Feedback endpoint check error should update data from feedbackform" time="0.015">
                      
                    </testcase><testcase classname="com.knoldus.routes.feedbackform.FeedbackFormRoutesSpec" name="Get/Update Feedback endpoint should get feedbackform  to update" time="0.053">
                      
                    </testcase><testcase classname="com.knoldus.routes.feedbackform.FeedbackFormRoutesSpec" name="Get/Update Feedback endpoint to check error should check error" time="0.069">
                      
                    </testcase><testcase classname="com.knoldus.routes.feedbackform.FeedbackFormRoutesSpec" name="Get/get list of  Feedbackforms  should return created feedbackform as list" time="0.076">
                      
                    </testcase><testcase classname="com.knoldus.routes.feedbackform.FeedbackFormRoutesSpec" name="Get/get list of  Feedbackforms for sessions  should return created feedbackformas list used for sessions" time="0.027">
                      
                    </testcase><testcase classname="com.knoldus.routes.feedbackform.FeedbackFormRoutesSpec" name="Get/get list of  Feedbackforms for sessions  should return error" time="0.017">
                      
                    </testcase><testcase classname="com.knoldus.routes.feedbackform.FeedbackFormRoutesSpec" name="Get/error message for list of feedbackforms  should return error for feedbackformas list" time="0.017">
                      
                    </testcase><testcase classname="com.knoldus.routes.feedbackform.FeedbackFormRoutesSpec" name="check Translate error for FeedbackAccessDeniedError  should return translate error" time="0.013">
                      
                    </testcase><testcase classname="com.knoldus.routes.feedbackform.FeedbackFormRoutesSpec" name="check Translate error for NotFound error  should return translate error" time="0.008">
                      
                    </testcase><testcase classname="com.knoldus.routes.feedbackform.FeedbackFormRoutesSpec" name="check Translate error for BadRequest  should return translate error" time="0.029">
                      
                    </testcase>
          <system-out><![CDATA[]]></system-out>
          <system-err><![CDATA[]]></system-err>
        </testsuite>