<?xml version='1.0' encoding='UTF-8'?>
<testsuite hostname="shashikant-Latitude-3520" name="com.knoldus.services.session.MeetingServiceSpec" tests="2" errors="0" failures="1" skipped="0" time="10.691" timestamp="2022-08-05T11:34:40">
          <properties>
[...]
</properties>
          <testcase classname="com.knoldus.services.session.MeetingServiceSpec" name="WebexMeetingService should give meeting response" time="3.682">
                      <failure message="A timeout occurred waiting for a future to complete. Waited 3 seconds." type="org.scalatest.concurrent.ScalaFutures$$anon$1$$anon$2">org.scalatest.concurrent.ScalaFutures$$anon$1$$anon$2: A timeout occurred waiting for a future to complete. Waited 3 seconds.
	at org.scalatest.concurrent.ScalaFutures$$anon$1.futureValueImpl(ScalaFutures.scala:339)
	at org.scalatest.concurrent.Futures$.whenReadyImpl(Futures.scala:620)
	at org.scalatest.concurrent.Futures.whenReady(Futures.scala:609)
	at org.scalatest.concurrent.Futures.whenReady$(Futures.scala:608)
	at com.knoldus.services.session.MeetingServiceSpec.whenReady(MeetingServiceSpec.scala:20)
	at com.knoldus.services.session.MeetingServiceSpec$$anon$1.&lt;init&gt;(MeetingServiceSpec.scala:82)
	at com.knoldus.services.session.MeetingServiceSpec.$anonfun$new$2(MeetingServiceSpec.scala:72)
	at org.scalatest.OutcomeOf.outcomeOf(OutcomeOf.scala:85)
	at org.scalatest.OutcomeOf.outcomeOf$(OutcomeOf.scala:83)
	at org.scalatest.OutcomeOf$.outcomeOf(OutcomeOf.scala:104)
	at org.scalatest.Transformer.apply(Transformer.scala:22)
	at org.scalatest.Transformer.apply(Transformer.scala:20)
	at org.scalatest.wordspec.AnyWordSpecLike$$anon$3.apply(AnyWordSpecLike.scala:1227)
	at org.scalatest.TestSuite.withFixture(TestSuite.scala:196)
	at org.scalatest.TestSuite.withFixture$(TestSuite.scala:195)
	at org.scalatest.wordspec.AnyWordSpec.withFixture(AnyWordSpec.scala:1879)
	at org.scalatest.wordspec.AnyWordSpecLike.invokeWithFixture$1(AnyWordSpecLike.scala:1225)
	at org.scalatest.wordspec.AnyWordSpecLike.$anonfun$runTest$1(AnyWordSpecLike.scala:1237)
	at org.scalatest.SuperEngine.runTestImpl(Engine.scala:306)
	at org.scalatest.wordspec.AnyWordSpecLike.runTest(AnyWordSpecLike.scala:1237)
	at org.scalatest.wordspec.AnyWordSpecLike.runTest$(AnyWordSpecLike.scala:1219)
	at org.scalatest.wordspec.AnyWordSpec.runTest(AnyWordSpec.scala:1879)
	at org.scalatest.wordspec.AnyWordSpecLike.$anonfun$runTests$1(AnyWordSpecLike.scala:1296)
	at org.scalatest.SuperEngine.$anonfun$runTestsInBranch$1(Engine.scala:413)
	at scala.collection.immutable.List.foreach(List.scala:333)
	at org.scalatest.SuperEngine.traverseSubNodes$1(Engine.scala:401)
	at org.scalatest.SuperEngine.runTestsInBranch(Engine.scala:390)
	at org.scalatest.SuperEngine.$anonfun$runTestsInBranch$1(Engine.scala:427)
	at scala.collection.immutable.List.foreach(List.scala:333)
	at org.scalatest.SuperEngine.traverseSubNodes$1(Engine.scala:401)
	at org.scalatest.SuperEngine.runTestsInBranch(Engine.scala:396)
	at org.scalatest.SuperEngine.runTestsImpl(Engine.scala:475)
	at org.scalatest.wordspec.AnyWordSpecLike.runTests(AnyWordSpecLike.scala:1296)
	at org.scalatest.wordspec.AnyWordSpecLike.runTests$(AnyWordSpecLike.scala:1295)
	at org.scalatest.wordspec.AnyWordSpec.runTests(AnyWordSpec.scala:1879)
	at org.scalatest.Suite.run(Suite.scala:1114)
	at org.scalatest.Suite.run$(Suite.scala:1096)
	at org.scalatest.wordspec.AnyWordSpec.org$scalatest$wordspec$AnyWordSpecLike$$super$run(AnyWordSpec.scala:1879)
	at org.scalatest.wordspec.AnyWordSpecLike.$anonfun$run$1(AnyWordSpecLike.scala:1341)
	at org.scalatest.SuperEngine.runImpl(Engine.scala:535)
	at org.scalatest.wordspec.AnyWordSpecLike.run(AnyWordSpecLike.scala:1341)
	at org.scalatest.wordspec.AnyWordSpecLike.run$(AnyWordSpecLike.scala:1339)
	at com.knoldus.services.session.MeetingServiceSpec.org$scalatest$BeforeAndAfterAll$$super$run(MeetingServiceSpec.scala:20)
	at org.scalatest.BeforeAndAfterAll.liftedTree1$1(BeforeAndAfterAll.scala:213)
	at org.scalatest.BeforeAndAfterAll.run(BeforeAndAfterAll.scala:210)
	at org.scalatest.BeforeAndAfterAll.run$(BeforeAndAfterAll.scala:208)
	at com.knoldus.services.session.MeetingServiceSpec.run(MeetingServiceSpec.scala:20)
	at org.scalatest.tools.Framework.org$scalatest$tools$Framework$$runSuite(Framework.scala:321)
	at org.scalatest.tools.Framework$ScalaTestTask.execute(Framework.scala:516)
	at sbt.TestRunner.runTest$1(TestFramework.scala:140)
	at sbt.TestRunner.run(TestFramework.scala:155)
	at sbt.TestFramework$$anon$3$$anonfun$$lessinit$greater$1.$anonfun$apply$1(TestFramework.scala:318)
	at sbt.TestFramework$.sbt$TestFramework$$withContextLoader(TestFramework.scala:278)
	at sbt.TestFramework$$anon$3$$anonfun$$lessinit$greater$1.apply(TestFramework.scala:318)
	at sbt.TestFramework$$anon$3$$anonfun$$lessinit$greater$1.apply(TestFramework.scala:318)
	at sbt.TestFunction.apply(TestFramework.scala:330)
	at sbt.Tests$.$anonfun$toTask$1(Tests.scala:435)
	at sbt.std.Transform$$anon$3.$anonfun$apply$2(Transform.scala:46)
	at sbt.std.Transform$$anon$4.work(Transform.scala:68)
	at sbt.Execute.$anonfun$submit$2(Execute.scala:282)
	at sbt.internal.util.ErrorHandling$.wideConvert(ErrorHandling.scala:23)
	at sbt.Execute.work(Execute.scala:291)
	at sbt.Execute.$anonfun$submit$1(Execute.scala:282)
	at sbt.ConcurrentRestrictions$$anon$4.$anonfun$submitValid$1(ConcurrentRestrictions.scala:265)
	at sbt.CompletionService$$anon$2.call(CompletionService.scala:64)
	at java.base/java.util.concurrent.FutureTask.run(FutureTask.java:264)
	at java.base/java.util.concurrent.Executors$RunnableAdapter.call(Executors.java:515)
	at java.base/java.util.concurrent.FutureTask.run(FutureTask.java:264)
	at java.base/java.util.concurrent.ThreadPoolExecutor.runWorker(ThreadPoolExecutor.java:1128)
	at java.base/java.util.concurrent.ThreadPoolExecutor$Worker.run(ThreadPoolExecutor.java:628)
	at java.base/java.lang.Thread.run(Thread.java:829)
</failure>
                    </testcase><testcase classname="com.knoldus.services.session.MeetingServiceSpec" name="WebexMeetingService error should give meeting response" time="7.009">
                      
                    </testcase>
          <system-out><![CDATA[]]></system-out>
          <system-err><![CDATA[]]></system-err>
        </testsuite>