<?xml version='1.0' encoding='UTF-8'?>
<testsuite hostname="shashikant-Latitude-3520" name="com.knoldus.services.session.NewSessionServiceSpec" tests="21" errors="0" failures="0" skipped="0" time="3.929" timestamp="2022-08-05T11:34:37">
          <properties>
[...]
</properties>
          <testcase classname="com.knoldus.services.session.NewSessionServiceSpec" name="NewSessionService#getApprovedSessions should return upcoming approved sessions" time="2.374">
                      
                    </testcase><testcase classname="com.knoldus.services.session.NewSessionServiceSpec" name="NewSessionService#getApprovedSessions should return error" time="0.096">
                      
                    </testcase><testcase classname="com.knoldus.services.session.NewSessionServiceSpec" name="NewSessionService#getRequestedSessions should return sessions pending for approval" time="0.191">
                      
                    </testcase><testcase classname="com.knoldus.services.session.NewSessionServiceSpec" name="NewSessionService#getRequestedSessions should return error" time="0.064">
                      
                    </testcase><testcase classname="com.knoldus.services.session.NewSessionServiceSpec" name="NewSessionService#fetchSessionTags should return matching tags" time="0.114">
                      
                    </testcase><testcase classname="com.knoldus.services.session.NewSessionServiceSpec" name="NewSessionService#fetchSessionTags should return error" time="0.05">
                      
                    </testcase><testcase classname="com.knoldus.services.session.NewSessionServiceSpec" name="NewSessionService#getSessions should return upcoming sessions" time="0.162">
                      
                    </testcase><testcase classname="com.knoldus.services.session.NewSessionServiceSpec" name="NewSessionService#getSessions should return past sessions" time="0.035">
                      
                    </testcase><testcase classname="com.knoldus.services.session.NewSessionServiceSpec" name="NewSessionService#getUserSessions should return user upcoming sessions" time="0.018">
                      
                    </testcase><testcase classname="com.knoldus.services.session.NewSessionServiceSpec" name="NewSessionService#getUserSessions should return user past sessions" time="0.243">
                      
                    </testcase><testcase classname="com.knoldus.services.session.NewSessionServiceSpec" name="NewSessionService#getUserSessions should return error" time="0.07">
                      
                    </testcase><testcase classname="com.knoldus.services.session.NewSessionServiceSpec" name="NewSessionService#bookSession should return booked session" time="0.095">
                      
                    </testcase><testcase classname="com.knoldus.services.session.NewSessionServiceSpec" name="NewSessionService#bookSession should return mandatory field not found error" time="0.087">
                      
                    </testcase><testcase classname="com.knoldus.services.session.NewSessionServiceSpec" name="NewSessionService#bookSession should return error" time="0.051">
                      
                    </testcase><testcase classname="com.knoldus.services.session.NewSessionServiceSpec" name="NewSessionService#bookSession should NewSessionService#GetSessionbyId should return session by Id" time="0.045">
                      
                    </testcase><testcase classname="com.knoldus.services.session.NewSessionServiceSpec" name="NewSessionService#bookSession should NewSessionService#GetSessionbyId should return error department by Id" time="0.028">
                      
                    </testcase><testcase classname="com.knoldus.services.session.NewSessionServiceSpec" name="NewSessionService#UpdateSession should give updated session" time="0.053">
                      
                    </testcase><testcase classname="com.knoldus.services.session.NewSessionServiceSpec" name="NewSessionService#UpdateSession should return session not found error" time="0.036">
                      
                    </testcase><testcase classname="com.knoldus.services.session.NewSessionServiceSpec" name="Update users session should give session with updated details" time="0.027">
                      
                    </testcase><testcase classname="com.knoldus.services.session.NewSessionServiceSpec" name="Update users session should give session with single updated details" time="0.05">
                      
                    </testcase><testcase classname="com.knoldus.services.session.NewSessionServiceSpec" name="Update users session should return session not found error" time="0.04">
                      
                    </testcase>
          <system-out><![CDATA[]]></system-out>
          <system-err><![CDATA[]]></system-err>
        </testsuite>