<?xml version='1.0' encoding='UTF-8'?>
<testsuite hostname="shashikant-Latitude-3520" name="com.knoldus.routes.session.NewSessionRoutesSpec" tests="34" errors="0" failures="0" skipped="0" time="1.986" timestamp="2022-08-05T11:34:41">
          <properties>
[...]
</properties>
          <testcase classname="com.knoldus.routes.session.NewSessionRoutesSpec" name="Get /sessions/manage endpoint should return sessions pending for approval when search is defined" time="0.379">
                      
                    </testcase><testcase classname="com.knoldus.routes.session.NewSessionRoutesSpec" name="Get /sessions/manage endpoint should return sessions pending for approval when search is not defined" time="0.092">
                      
                    </testcase><testcase classname="com.knoldus.routes.session.NewSessionRoutesSpec" name="Get /sessions/manage endpoint should return approved upcoming sessions when search is defined" time="0.053">
                      
                    </testcase><testcase classname="com.knoldus.routes.session.NewSessionRoutesSpec" name="Get /sessions/manage endpoint should return approved upcoming sessions when search is not defined" time="0.057">
                      
                    </testcase><testcase classname="com.knoldus.routes.session.NewSessionRoutesSpec" name="Get /sessions/manage endpoint should return 401 error for filter requested" time="0.05">
                      
                    </testcase><testcase classname="com.knoldus.routes.session.NewSessionRoutesSpec" name="Get /sessions/manage endpoint should return 401 error for filter upcoming" time="0.02">
                      
                    </testcase><testcase classname="com.knoldus.routes.session.NewSessionRoutesSpec" name="Get /sessions/tags endpoint should return matching tags" time="0.059">
                      
                    </testcase><testcase classname="com.knoldus.routes.session.NewSessionRoutesSpec" name="Get /sessions/tags endpoint should return error" time="0.063">
                      
                    </testcase><testcase classname="com.knoldus.routes.session.NewSessionRoutesSpec" name="Get /sessions/ endpoint should return upcoming sessions when search is defined" time="0.071">
                      
                    </testcase><testcase classname="com.knoldus.routes.session.NewSessionRoutesSpec" name="Get /sessions/ endpoint should return past sessions when search is defined" time="0.041">
                      
                    </testcase><testcase classname="com.knoldus.routes.session.NewSessionRoutesSpec" name="Get /sessions/ endpoint should return upcoming sessions when search is not defined" time="0.031">
                      
                    </testcase><testcase classname="com.knoldus.routes.session.NewSessionRoutesSpec" name="Get /sessions/ endpoint should return past sessions when search is not defined" time="0.067">
                      
                    </testcase><testcase classname="com.knoldus.routes.session.NewSessionRoutesSpec" name="Get /sessions/ endpoint should return error" time="0.031">
                      
                    </testcase><testcase classname="com.knoldus.routes.session.NewSessionRoutesSpec" name="Get /sessions/my endpoint should return user upcoming sessions" time="0.055">
                      
                    </testcase><testcase classname="com.knoldus.routes.session.NewSessionRoutesSpec" name="Get /sessions/my endpoint should return user past sessions" time="0.02">
                      
                    </testcase><testcase classname="com.knoldus.routes.session.NewSessionRoutesSpec" name="Get /sessions/my endpoint should return error" time="0.028">
                      
                    </testcase><testcase classname="com.knoldus.routes.session.NewSessionRoutesSpec" name="Get /sessions/bookSession endpoint should book session" time="0.08">
                      
                    </testcase><testcase classname="com.knoldus.routes.session.NewSessionRoutesSpec" name="Get /sessions/bookSession endpoint should mandatory field not found error" time="0.05">
                      
                    </testcase><testcase classname="com.knoldus.routes.session.NewSessionRoutesSpec" name="Get /sessions/bookSession endpoint should return error" time="0.072">
                      
                    </testcase><testcase classname="com.knoldus.routes.session.NewSessionRoutesSpec" name="Put sessions/update-session endpoint should return updated session" time="0.045">
                      
                    </testcase><testcase classname="com.knoldus.routes.session.NewSessionRoutesSpec" name="Put sessions/update-session endpoint should return error" time="0.075">
                      
                    </testcase><testcase classname="com.knoldus.routes.session.NewSessionRoutesSpec" name="Get /getSession endpoint should return session" time="0.07">
                      
                    </testcase><testcase classname="com.knoldus.routes.session.NewSessionRoutesSpec" name="Get /getSession endpoint should return error" time="0.058">
                      
                    </testcase><testcase classname="com.knoldus.routes.session.NewSessionRoutesSpec" name="Update the session for user should return the session with the updated details" time="0.105">
                      
                    </testcase><testcase classname="com.knoldus.routes.session.NewSessionRoutesSpec" name="Update the session for user should return the session with the single updated detail" time="0.027">
                      
                    </testcase><testcase classname="com.knoldus.routes.session.NewSessionRoutesSpec" name="Update the session for user should return the session with the two updated detail" time="0.049">
                      
                    </testcase><testcase classname="com.knoldus.routes.session.NewSessionRoutesSpec" name="Update the session for user should return error" time="0.055">
                      
                    </testcase><testcase classname="com.knoldus.routes.session.NewSessionRoutesSpec" name="Check Translate error for Access Denied  should return translate error" time="0.024">
                      
                    </testcase><testcase classname="com.knoldus.routes.session.NewSessionRoutesSpec" name="Check Translate error for InternalServerError  should return translate error" time="0.039">
                      
                    </testcase><testcase classname="com.knoldus.routes.session.NewSessionRoutesSpec" name="Check Translate error for Slot Not Found  should return translate error" time="0.05">
                      
                    </testcase><testcase classname="com.knoldus.routes.session.NewSessionRoutesSpec" name="Check Translate error for Slot Not Available  should return translate error" time="0.013">
                      
                    </testcase><testcase classname="com.knoldus.routes.session.NewSessionRoutesSpec" name="Check Translate error for Filter Not Found  should return translate error" time="0.015">
                      
                    </testcase><testcase classname="com.knoldus.routes.session.NewSessionRoutesSpec" name="Check Translate error for Not Found  should return translate error" time="0.017">
                      
                    </testcase><testcase classname="com.knoldus.routes.session.NewSessionRoutesSpec" name="Check Translate error for Mandatory Field Found  should return translate error" time="0.025">
                      
                    </testcase>
          <system-out><![CDATA[]]></system-out>
          <system-err><![CDATA[]]></system-err>
        </testsuite>