<?xml version='1.0' encoding='UTF-8'?>
<testsuite hostname="shashikant-Latitude-3520" name="com.knoldus.routes.recommendation.RecommendationRoutesSpec" tests="33" errors="0" failures="0" skipped="0" time="1.237" timestamp="2022-08-05T11:34:41">
          <properties>
[...]
</properties>
          <testcase classname="com.knoldus.routes.recommendation.RecommendationRoutesSpec" name="POST /add Recommendation should suggest Recommendation by post directive" time="0.329">
                      
                    </testcase><testcase classname="com.knoldus.routes.recommendation.RecommendationRoutesSpec" name="POST /add Recommendation for Error should suggest Recommendation by post directive for error" time="0.038">
                      
                    </testcase><testcase classname="com.knoldus.routes.recommendation.RecommendationRoutesSpec" name="GET /get recommendation  should return recommendation" time="0.032">
                      
                    </testcase><testcase classname="com.knoldus.routes.recommendation.RecommendationRoutesSpec" name="GET /get recommendation error should return recommendation error" time="0.026">
                      
                    </testcase><testcase classname="com.knoldus.routes.recommendation.RecommendationRoutesSpec" name="POST /approve recommendation endpoints should return current status" time="0.049">
                      
                    </testcase><testcase classname="com.knoldus.routes.recommendation.RecommendationRoutesSpec" name="POST /approve recommendation for error should return error" time="0.017">
                      
                    </testcase><testcase classname="com.knoldus.routes.recommendation.RecommendationRoutesSpec" name="POST /decline recommendation endpoints should return current status" time="0.028">
                      
                    </testcase><testcase classname="com.knoldus.routes.recommendation.RecommendationRoutesSpec" name="POST /decline recommendation endpoints should return error while declining recommendation" time="0.017">
                      
                    </testcase><testcase classname="com.knoldus.routes.recommendation.RecommendationRoutesSpec" name="POST /approving recommendation for error should return error" time="0.067">
                      
                    </testcase><testcase classname="com.knoldus.routes.recommendation.RecommendationRoutesSpec" name="POST /pending recommendation endpoints should return current status" time="0.029">
                      
                    </testcase><testcase classname="com.knoldus.routes.recommendation.RecommendationRoutesSpec" name="POST /pending recommendation for error should return error" time="0.031">
                      
                    </testcase><testcase classname="com.knoldus.routes.recommendation.RecommendationRoutesSpec" name="POST /done recommendation endpoints should return current status" time="0.016">
                      
                    </testcase><testcase classname="com.knoldus.routes.recommendation.RecommendationRoutesSpec" name="POST /done recommendation for error should return error" time="0.045">
                      
                    </testcase><testcase classname="com.knoldus.routes.recommendation.RecommendationRoutesSpec" name="GET /all-pending-recommendation status endpoint  should return current status" time="0.028">
                      
                    </testcase><testcase classname="com.knoldus.routes.recommendation.RecommendationRoutesSpec" name="Get/error message for all-pending-recommendation  should return error for all-pending-recommendation" time="0.01">
                      
                    </testcase><testcase classname="com.knoldus.routes.recommendation.RecommendationRoutesSpec" name="POST /book-recommendation endpoints should return current status" time="0.034">
                      
                    </testcase><testcase classname="com.knoldus.routes.recommendation.RecommendationRoutesSpec" name="POST /book-ecommendation for error should return error" time="0.02">
                      
                    </testcase><testcase classname="com.knoldus.routes.recommendation.RecommendationRoutesSpec" name="POST /cancel-booked-recommendation endpoints should return current status" time="0.028">
                      
                    </testcase><testcase classname="com.knoldus.routes.recommendation.RecommendationRoutesSpec" name="POST /cancel-booked-recommendation for error should return error" time="0.033">
                      
                    </testcase><testcase classname="com.knoldus.routes.recommendation.RecommendationRoutesSpec" name="Get/all recommendation should list all recommendation" time="0.018">
                      
                    </testcase><testcase classname="com.knoldus.routes.recommendation.RecommendationRoutesSpec" name="Get/all recommendation endpoint for error should list all recommendation" time="0.02">
                      
                    </testcase><testcase classname="com.knoldus.routes.recommendation.RecommendationRoutesSpec" name="Get/getVote rest endpoint status   should return current status" time="0.026">
                      
                    </testcase><testcase classname="com.knoldus.routes.recommendation.RecommendationRoutesSpec" name="Get/getVote rest endpoint status   should return error status" time="0.038">
                      
                    </testcase><testcase classname="com.knoldus.routes.recommendation.RecommendationRoutesSpec" name="Put /upVote rest endpoint status   should return current status" time="0.032">
                      
                    </testcase><testcase classname="com.knoldus.routes.recommendation.RecommendationRoutesSpec" name="Put /upVote rest endpoint status   should return error status" time="0.017">
                      
                    </testcase><testcase classname="com.knoldus.routes.recommendation.RecommendationRoutesSpec" name="Get/downVote rest endpoint status   should return current status" time="0.035">
                      
                    </testcase><testcase classname="com.knoldus.routes.recommendation.RecommendationRoutesSpec" name="Get/downVote rest endpoint status   should return error status" time="0.025">
                      
                    </testcase><testcase classname="com.knoldus.routes.recommendation.RecommendationRoutesSpec" name="Post/updatevote rest endpoint status   should return error status" time="0.039">
                      
                    </testcase><testcase classname="com.knoldus.routes.recommendation.RecommendationRoutesSpec" name="Post/updatevote rest endpoint status   should return result" time="0.025">
                      
                    </testcase><testcase classname="com.knoldus.routes.recommendation.RecommendationRoutesSpec" name="check Translate error for RecommendationError  should return translate error" time="0.026">
                      
                    </testcase><testcase classname="com.knoldus.routes.recommendation.RecommendationRoutesSpec" name="check Translate error for InvalidRecommendation  should return translate error" time="0.009">
                      
                    </testcase><testcase classname="com.knoldus.routes.recommendation.RecommendationRoutesSpec" name="check Translate error for RecommendationAccessDeniedError  should return translate error" time="0.007">
                      
                    </testcase><testcase classname="com.knoldus.routes.recommendation.RecommendationRoutesSpec" name="check Translate error for RecommendationNotFoundError  should return translate error" time="0.043">
                      
                    </testcase>
          <system-out><![CDATA[]]></system-out>
          <system-err><![CDATA[]]></system-err>
        </testsuite>